Using pre-set license
Built from '2020.2/staging' branch; Version is '2020.2.6f1 (8a2143876886) revision 9052483'; Using compiler version '192528614'; Build Type 'Release'
OS: 'Windows 10 Pro; OS build 19042.985; Version 2009; 64bit' Language: 'ru' Physical Memory: 16308 MB
BatchMode: 1, IsHumanControllingUs: 0, StartBugReporterOnCrash: 0, Is64bit: 1, IsPro: 0

 COMMAND LINE ARGUMENTS:
C:\Program Files\Unity\Hub\Editor\2020.2.6f1\Editor\Unity.exe
-adb2
-batchMode
-noUpm
-name
AssetImportWorker0
-projectPath
D:/CodeineSolm/Code/GitHub/ThiefAlarm
-logFile
Logs/AssetImportWorker0.log
-srvPort
51117
Successfully changed project path to: D:/CodeineSolm/Code/GitHub/ThiefAlarm
D:/CodeineSolm/Code/GitHub/ThiefAlarm
Using Asset Import Pipeline V2.
Refreshing native plugins compatible for Editor in 35.37 ms, found 1 plugins.
Preloading 0 native plugins for Editor in 0.00 ms.
Initialize engine version: 2020.2.6f1 (8a2143876886)
[Subsystems] Discovering subsystems at path C:/Program Files/Unity/Hub/Editor/2020.2.6f1/Editor/Data/Resources/UnitySubsystems
[Subsystems] Discovering subsystems at path D:/CodeineSolm/Code/GitHub/ThiefAlarm/Assets
GfxDevice: creating device client; threaded=0
Direct3D:
    Version:  Direct3D 11.0 [level 11.1]
    Renderer: NVIDIA GeForce RTX 2060 (ID=0x1f08)
    Vendor:   
    VRAM:     5980 MB
    Driver:   27.21.14.6647
Initialize mono
Mono path[0] = 'C:/Program Files/Unity/Hub/Editor/2020.2.6f1/Editor/Data/Managed'
Mono path[1] = 'C:/Program Files/Unity/Hub/Editor/2020.2.6f1/Editor/Data/MonoBleedingEdge/lib/mono/unityjit'
Mono config path = 'C:/Program Files/Unity/Hub/Editor/2020.2.6f1/Editor/Data/MonoBleedingEdge/etc'
Using monoOptions --debugger-agent=transport=dt_socket,embedding=1,server=y,suspend=n,address=127.0.0.1:56396
Begin MonoManager ReloadAssembly
Registering precompiled unity dll's ...
Register platform support module: C:/Program Files/Unity/Hub/Editor/2020.2.6f1/Editor/Data/PlaybackEngines/WindowsStandaloneSupport/UnityEditor.WindowsStandalone.Extensions.dll
Registered in 0.001717 seconds.
Native extension for WindowsStandalone target not found
Refreshing native plugins compatible for Editor in 35.53 ms, found 1 plugins.
Preloading 0 native plugins for Editor in 0.00 ms.
Invoked RoslynAnalysisRunner static constructor.
RoslynAnalysisRunner will not be running.
RoslynAnalysisRunner has terminated.
Mono: successfully reloaded assembly
- Completed reload, in  1.547 seconds
Platform modules already initialized, skipping
Registering precompiled user dll's ...
Registered in 0.000492 seconds.
Begin MonoManager ReloadAssembly
Native extension for WindowsStandalone target not found
Refreshing native plugins compatible for Editor in 35.72 ms, found 1 plugins.
Preloading 0 native plugins for Editor in 0.00 ms.
Invoked RoslynAnalysisRunner static constructor.
RoslynAnalysisRunner will not be running.
RoslynAnalysisRunner has terminated.
Mono: successfully reloaded assembly
- Completed reload, in  0.732 seconds
Platform modules already initialized, skipping
========================================================================
Worker process is ready to serve import requests
Launched and connected shader compiler UnityShaderCompiler.exe after 0.03 seconds
Refreshing native plugins compatible for Editor in 0.48 ms, found 1 plugins.
Preloading 0 native plugins for Editor in 0.00 ms.
Unloading 1800 Unused Serialized files (Serialized files now loaded: 0)
System memory in use before: 84.7 MB.
System memory in use after: 84.7 MB.

Unloading 24 unused Assets to reduce memory usage. Loaded Objects now: 2242.
Total: 1.852300 ms (FindLiveObjects: 0.222600 ms CreateObjectMapping: 0.045800 ms MarkObjects: 1.471200 ms  DeleteObjects: 0.111500 ms)

========================================================================
Received Import Request.
  path: Assets/Scripts/House.cs
  artifactKey: Guid(792278168f3ded34b8da231159af4513) Importer(815301076,1909f56bfc062723c751e8b465ee728b)
Start importing Assets/Scripts/House.cs using Guid(792278168f3ded34b8da231159af4513) Importer(815301076,1909f56bfc062723c751e8b465ee728b)  -> (artifact id: '14e074b794244cf25d8e8b98caca5368') in 0.109738 seconds
  Import took 0.112335 seconds .

========================================================================
Received Import Request.
  Time since last request: 0.000235 seconds.
  path: Assets/Scripts/Alarm.cs
  artifactKey: Guid(40aebce5f5b47d84c9d60d9b491765da) Importer(815301076,1909f56bfc062723c751e8b465ee728b)
Start importing Assets/Scripts/Alarm.cs using Guid(40aebce5f5b47d84c9d60d9b491765da) Importer(815301076,1909f56bfc062723c751e8b465ee728b)  -> (artifact id: '0e6c859e50f376b1bf070b6af1ad5118') in 0.008386 seconds
  Import took 0.010681 seconds .

========================================================================
Received Import Request.
  Time since last request: 127.886653 seconds.
  path: Assets/Scripts/House.cs
  artifactKey: Guid(792278168f3ded34b8da231159af4513) Importer(815301076,1909f56bfc062723c751e8b465ee728b)
Start importing Assets/Scripts/House.cs using Guid(792278168f3ded34b8da231159af4513) Importer(815301076,1909f56bfc062723c751e8b465ee728b)  -> (artifact id: '8834943ae7bfcf6d93a9223d2a89829f') in 0.006540 seconds
  Import took 0.009599 seconds .

========================================================================
Received Import Request.
  Time since last request: 0.000612 seconds.
  path: Assets/Scripts/House.cs
  artifactKey: Guid(792278168f3ded34b8da231159af4513) Importer(815301076,1909f56bfc062723c751e8b465ee728b)
Start importing Assets/Scripts/House.cs using Guid(792278168f3ded34b8da231159af4513) Importer(815301076,1909f56bfc062723c751e8b465ee728b)  -> (artifact id: '8834943ae7bfcf6d93a9223d2a89829f') in 0.001341 seconds
  Import took 0.003844 seconds .

========================================================================
Received Prepare
Registering precompiled user dll's ...
Registered in 0.000599 seconds.
Begin MonoManager ReloadAssembly
Native extension for WindowsStandalone target not found
Refreshing native plugins compatible for Editor in 0.42 ms, found 1 plugins.
Preloading 0 native plugins for Editor in 0.00 ms.
Invoked RoslynAnalysisRunner static constructor.
RoslynAnalysisRunner will not be running.
RoslynAnalysisRunner has terminated.
Mono: successfully reloaded assembly
- Completed reload, in  0.657 seconds
Platform modules already initialized, skipping
Refreshing native plugins compatible for Editor in 0.43 ms, found 1 plugins.
Preloading 0 native plugins for Editor in 0.00 ms.
Unloading 1795 Unused Serialized files (Serialized files now loaded: 0)
System memory in use before: 84.7 MB.
System memory in use after: 84.7 MB.

Unloading 12 unused Assets to reduce memory usage. Loaded Objects now: 2245.
Total: 1.878500 ms (FindLiveObjects: 0.214400 ms CreateObjectMapping: 0.043500 ms MarkObjects: 1.516000 ms  DeleteObjects: 0.103400 ms)

========================================================================
Received Import Request.
  Time since last request: 9.535783 seconds.
  path: Assets/Scripts/Thief.cs
  artifactKey: Guid(cffee88c57a3c704f895226fd8297912) Importer(815301076,1909f56bfc062723c751e8b465ee728b)
Start importing Assets/Scripts/Thief.cs using Guid(cffee88c57a3c704f895226fd8297912) Importer(815301076,1909f56bfc062723c751e8b465ee728b)  -> (artifact id: '044bfa8c54bdc27c970ee31680cda8dd') in 0.007853 seconds
  Import took 0.010649 seconds .

========================================================================
Received Import Request.
  Time since last request: 0.015985 seconds.
  path: Assets/Scripts/Thief.cs
  artifactKey: Guid(cffee88c57a3c704f895226fd8297912) Importer(815301076,1909f56bfc062723c751e8b465ee728b)
Start importing Assets/Scripts/Thief.cs using Guid(cffee88c57a3c704f895226fd8297912) Importer(815301076,1909f56bfc062723c751e8b465ee728b)  -> (artifact id: '044bfa8c54bdc27c970ee31680cda8dd') in 0.001783 seconds
  Import took 0.004582 seconds .

========================================================================
Received Prepare
Registering precompiled user dll's ...
Registered in 0.000633 seconds.
Begin MonoManager ReloadAssembly
Native extension for WindowsStandalone target not found
Refreshing native plugins compatible for Editor in 0.44 ms, found 1 plugins.
Preloading 0 native plugins for Editor in 0.00 ms.
Invoked RoslynAnalysisRunner static constructor.
RoslynAnalysisRunner will not be running.
RoslynAnalysisRunner has terminated.
Mono: successfully reloaded assembly
- Completed reload, in  0.666 seconds
Platform modules already initialized, skipping
Refreshing native plugins compatible for Editor in 0.43 ms, found 1 plugins.
Preloading 0 native plugins for Editor in 0.00 ms.
Unloading 1795 Unused Serialized files (Serialized files now loaded: 0)
System memory in use before: 84.7 MB.
System memory in use after: 84.7 MB.

Unloading 12 unused Assets to reduce memory usage. Loaded Objects now: 2248.
Total: 1.955100 ms (FindLiveObjects: 0.199000 ms CreateObjectMapping: 0.042400 ms MarkObjects: 1.604200 ms  DeleteObjects: 0.108600 ms)

========================================================================
Received Import Request.
  Time since last request: 101.780332 seconds.
  path: Assets/Scripts/Thief.cs
  artifactKey: Guid(cffee88c57a3c704f895226fd8297912) Importer(815301076,1909f56bfc062723c751e8b465ee728b)
Start importing Assets/Scripts/Thief.cs using Guid(cffee88c57a3c704f895226fd8297912) Importer(815301076,1909f56bfc062723c751e8b465ee728b)  -> (artifact id: '4bc2ed6732c4179d084ef5fa26e9c0d3') in 0.003973 seconds
  Import took 0.006493 seconds .

========================================================================
Received Prepare
Registering precompiled user dll's ...
Registered in 0.000647 seconds.
Begin MonoManager ReloadAssembly
Native extension for WindowsStandalone target not found
Refreshing native plugins compatible for Editor in 0.43 ms, found 1 plugins.
Preloading 0 native plugins for Editor in 0.00 ms.
Invoked RoslynAnalysisRunner static constructor.
RoslynAnalysisRunner will not be running.
RoslynAnalysisRunner has terminated.
Mono: successfully reloaded assembly
- Completed reload, in  0.662 seconds
Platform modules already initialized, skipping
Refreshing native plugins compatible for Editor in 0.51 ms, found 1 plugins.
Preloading 0 native plugins for Editor in 0.00 ms.
Unloading 1795 Unused Serialized files (Serialized files now loaded: 0)
System memory in use before: 84.7 MB.
System memory in use after: 84.7 MB.

Unloading 12 unused Assets to reduce memory usage. Loaded Objects now: 2251.
Total: 1.784600 ms (FindLiveObjects: 0.207700 ms CreateObjectMapping: 0.042500 ms MarkObjects: 1.429300 ms  DeleteObjects: 0.104000 ms)

AssetImportWorkerClient::OnTransportError - code=2 error=End of file
